\BOOKMARK [1][-]{title.1}{Title Page}{}% 1
\BOOKMARK [0][-]{Inhaltsverzeichnis.0}{Inhaltsverzeichnis}{}% 2
\BOOKMARK [0][-]{chapter.1}{Vorstellung}{}% 3
\BOOKMARK [1][-]{section.1.1}{Umfang der Arbeit}{chapter.1}% 4
\BOOKMARK [1][-]{section.1.2}{Verwandte Arbeit}{chapter.1}% 5
\BOOKMARK [1][-]{section.1.3}{Struktur}{chapter.1}% 6
\BOOKMARK [0][-]{chapter.2}{Hintergrund}{}% 7
\BOOKMARK [1][-]{section.2.1}{Scikit-learn}{chapter.2}% 8
\BOOKMARK [1][-]{section.2.2}{Muskel}{chapter.2}% 9
\BOOKMARK [2][-]{subsection.2.2.1}{Motorische Einheit}{section.2.2}% 10
\BOOKMARK [2][-]{subsection.2.2.2}{Muskelkontraktion}{section.2.2}% 11
\BOOKMARK [3][-]{subsubsection.2.2.2.1}{Potenzialverlauf}{subsection.2.2.2}% 12
\BOOKMARK [1][-]{section.2.3}{Sprachproduktion}{chapter.2}% 13
\BOOKMARK [2][-]{subsection.2.3.1}{Relevante Muskeln}{section.2.3}% 14
\BOOKMARK [2][-]{subsection.2.3.2}{Mechanismus}{section.2.3}% 15
\BOOKMARK [1][-]{section.2.4}{EMG}{chapter.2}% 16
\BOOKMARK [2][-]{subsection.2.4.1}{Digitalisierung}{section.2.4}% 17
\BOOKMARK [1][-]{section.2.5}{Datenkorpus}{chapter.2}% 18
\BOOKMARK [2][-]{subsection.2.5.1}{Informationen zu den Daten}{section.2.5}% 19
\BOOKMARK [2][-]{subsection.2.5.2}{Sprachmodus}{section.2.5}% 20
\BOOKMARK [1][-]{section.2.6}{Features}{chapter.2}% 21
\BOOKMARK [2][-]{subsection.2.6.1}{Time Domain Features}{section.2.6}% 22
\BOOKMARK [3][-]{subsubsection.2.6.1.1}{MAV}{subsection.2.6.1}% 23
\BOOKMARK [3][-]{subsubsection.2.6.1.2}{MAV2}{subsection.2.6.1}% 24
\BOOKMARK [3][-]{subsubsection.2.6.1.3}{RMS}{subsection.2.6.1}% 25
\BOOKMARK [3][-]{subsubsection.2.6.1.4}{IAV}{subsection.2.6.1}% 26
\BOOKMARK [3][-]{subsubsection.2.6.1.5}{WL}{subsection.2.6.1}% 27
\BOOKMARK [3][-]{subsubsection.2.6.1.6}{IEMG}{subsection.2.6.1}% 28
\BOOKMARK [3][-]{subsubsection.2.6.1.7}{AAC}{subsection.2.6.1}% 29
\BOOKMARK [3][-]{subsubsection.2.6.1.8}{ZC}{subsection.2.6.1}% 30
\BOOKMARK [3][-]{subsubsection.2.6.1.9}{SSC}{subsection.2.6.1}% 31
\BOOKMARK [3][-]{subsubsection.2.6.1.10}{WAMP}{subsection.2.6.1}% 32
\BOOKMARK [2][-]{subsection.2.6.2}{Frequency Domain Features}{section.2.6}% 33
\BOOKMARK [3][-]{subsubsection.2.6.2.1}{Mean Frequency}{subsection.2.6.2}% 34
\BOOKMARK [3][-]{subsubsection.2.6.2.2}{Median Frequency}{subsection.2.6.2}% 35
\BOOKMARK [1][-]{section.2.7}{Klassifikatoren}{chapter.2}% 36
\BOOKMARK [2][-]{subsection.2.7.1}{LDA}{section.2.7}% 37
\BOOKMARK [2][-]{subsection.2.7.2}{KNN}{section.2.7}% 38
\BOOKMARK [2][-]{subsection.2.7.3}{DecisionTree}{section.2.7}% 39
\BOOKMARK [2][-]{subsection.2.7.4}{RandomForest}{section.2.7}% 40
\BOOKMARK [2][-]{subsection.2.7.5}{SVC}{section.2.7}% 41
\BOOKMARK [0][-]{chapter.3}{Versuchsaufbau}{}% 42
\BOOKMARK [1][-]{section.3.1}{Aufteilung der Daten}{chapter.3}% 43
\BOOKMARK [2][-]{subsection.3.1.1}{Nutzererkennung}{section.3.1}% 44
\BOOKMARK [2][-]{subsection.3.1.2}{Sprachmodus}{section.3.1}% 45
\BOOKMARK [0][-]{chapter.4}{Evaluation}{}% 46
\BOOKMARK [1][-]{section.4.1}{Sprecheridentit\344t}{chapter.4}% 47
\BOOKMARK [2][-]{subsection.4.1.1}{Ungefiltert}{section.4.1}% 48
\BOOKMARK [3][-]{subsubsection.4.1.1.1}{Sessions}{subsection.4.1.1}% 49
\BOOKMARK [2][-]{subsection.4.1.2}{Filtered}{section.4.1}% 50
\BOOKMARK [3][-]{subsubsection.4.1.2.1}{Sessions}{subsection.4.1.2}% 51
\BOOKMARK [1][-]{section.4.2}{Sprachmodus}{chapter.4}% 52
\BOOKMARK [2][-]{subsection.4.2.1}{Cross-Session}{section.4.2}% 53
\BOOKMARK [3][-]{subsubsection.4.2.1.1}{Ungefiltert}{subsection.4.2.1}% 54
\BOOKMARK [3][-]{subsubsection.4.2.1.2}{Sessions-Ungefiltert}{subsection.4.2.1}% 55
\BOOKMARK [3][-]{subsubsection.4.2.1.3}{Filtered}{subsection.4.2.1}% 56
\BOOKMARK [3][-]{subsubsection.4.2.1.4}{Sessions-Filtered}{subsection.4.2.1}% 57
\BOOKMARK [3][-]{subsubsection.4.2.1.5}{Frequenzb\344nder}{subsection.4.2.1}% 58
\BOOKMARK [2][-]{subsection.4.2.2}{Cross-User}{section.4.2}% 59
\BOOKMARK [3][-]{subsubsection.4.2.2.1}{Ungefiltert}{subsection.4.2.2}% 60
\BOOKMARK [3][-]{subsubsection.4.2.2.2}{Filtered}{subsection.4.2.2}% 61
\BOOKMARK [3][-]{subsubsection.4.2.2.3}{Frequenzb\344nder}{subsection.4.2.2}% 62
\BOOKMARK [0][-]{chapter.5}{Diskussion}{}% 63
\BOOKMARK [1][-]{section.5.1}{Erkennung der Identit\344t}{chapter.5}% 64
\BOOKMARK [2][-]{subsection.5.1.1}{Klassifikator}{section.5.1}% 65
\BOOKMARK [2][-]{subsection.5.1.2}{Gro\337e Sessions}{section.5.1}% 66
\BOOKMARK [2][-]{subsection.5.1.3}{Kleine Sessions}{section.5.1}% 67
\BOOKMARK [1][-]{section.5.2}{Sprachmodus}{chapter.5}% 68
\BOOKMARK [2][-]{subsection.5.2.1}{Cross-User}{section.5.2}% 69
\BOOKMARK [2][-]{subsection.5.2.2}{Cross-Session}{section.5.2}% 70
\BOOKMARK [2][-]{subsection.5.2.3}{Frequenzband}{section.5.2}% 71
\BOOKMARK [1][-]{section.5.3}{Datenqualit\344t}{chapter.5}% 72
\BOOKMARK [0][-]{chapter.6}{Fazit}{}% 73
\BOOKMARK [1][-]{section.6.1}{Zusammenfassung}{chapter.6}% 74
\BOOKMARK [1][-]{section.6.2}{Zuk\374nftige Arbeiten}{chapter.6}% 75
\BOOKMARK [1][-]{section.6.3}{Abschlie\337ende Worte}{chapter.6}% 76
\BOOKMARK [0][-]{section*.49}{Literaturverzeichnis}{}% 77
